<?xml version="1.0" encoding="UTF-8"?>
<!-- Generated by org.testng.reporters.JUnitXMLReporter -->
<testsuite ignored="0" hostname="sanket" failures="2" tests="4" name="ChromeTest" time="11.577" errors="0" timestamp="2023-03-03T20:56:56 IST">
  <testcase classname="testNG.TestClassXYZ" name="verifyDownloadFilebutton" time="1.001">
    <failure type="java.lang.AssertionError" message="expected [https://www.icicibank.com/form-center] but found [https://www.icicibank.com/form-center?ITM=nli_cms_download_forms_footer_link]">
      <![CDATA[java.lang.AssertionError: expected [https://www.icicibank.com/form-center] but found [https://www.icicibank.com/form-center?ITM=nli_cms_download_forms_footer_link]
at testNG.TestClassXYZ.verifyDownloadFilebutton(TestClassXYZ.java:114)
at java.base/java.util.ArrayList.forEach(ArrayList.java:1511)
... Removed 33 stack frames]]>
    </failure>
  </testcase> <!-- verifyDownloadFilebutton -->
  <testcase classname="testNG.TestClassXYZ" name="verifytoGrowWelthButton" time="0.136"/>
  <testcase classname="testNG.TestClassABC" name="verifyDownloadFilebutton" time="1.111">
    <failure type="java.lang.AssertionError" message="expected [https://www.icicibank.com/form-center] but found [https://www.icicibank.com/form-center?ITM=nli_cms_download_forms_footer_link]">
      <![CDATA[java.lang.AssertionError: expected [https://www.icicibank.com/form-center] but found [https://www.icicibank.com/form-center?ITM=nli_cms_download_forms_footer_link]
at testNG.TestClassABC.verifyDownloadFilebutton(TestClassABC.java:114)
at java.base/java.util.ArrayList.forEach(ArrayList.java:1511)
... Removed 33 stack frames]]>
    </failure>
  </testcase> <!-- verifyDownloadFilebutton -->
  <testcase classname="testNG.TestClassABC" name="verifytoGrowWelthButton" time="0.009"/>
</testsuite> <!-- ChromeTest -->
