<?xml version="1.0" encoding="UTF-8"?>
<!-- Generated by org.testng.reporters.JUnitXMLReporter -->
<testsuite ignored="0" hostname="sanket" failures="2" tests="4" name="FirefoxTest" time="16.807" errors="0" timestamp="2023-03-03T20:47:01 IST">
  <testcase classname="testNG.TestClassXYZ" name="verifyDownloadFilebutton" time="0.461">
    <failure type="java.lang.AssertionError" message="expected [https://www.icicibank.com/form-center] but found [https://www.icicibank.com/]">
      <![CDATA[java.lang.AssertionError: expected [https://www.icicibank.com/form-center] but found [https://www.icicibank.com/]
at testNG.TestClassXYZ.verifyDownloadFilebutton(TestClassXYZ.java:114)
at java.base/java.util.ArrayList.forEach(ArrayList.java:1511)
... Removed 33 stack frames]]>
    </failure>
  </testcase> <!-- verifyDownloadFilebutton -->
  <testcase classname="testNG.TestClassXYZ" name="verifytoGrowWelthButton" time="0.006"/>
  <testcase classname="testNG.TestClassABC" name="verifyDownloadFilebutton" time="0.446">
    <failure type="java.lang.AssertionError" message="expected [https://www.icicibank.com/form-center] but found [https://www.icicibank.com/]">
      <![CDATA[java.lang.AssertionError: expected [https://www.icicibank.com/form-center] but found [https://www.icicibank.com/]
at testNG.TestClassABC.verifyDownloadFilebutton(TestClassABC.java:114)
at java.base/java.util.ArrayList.forEach(ArrayList.java:1511)
... Removed 33 stack frames]]>
    </failure>
  </testcase> <!-- verifyDownloadFilebutton -->
  <testcase classname="testNG.TestClassABC" name="verifytoGrowWelthButton" time="0.006"/>
</testsuite> <!-- FirefoxTest -->
