<?xml version="1.0" encoding="UTF-8"?>
<!-- Generated by org.testng.reporters.JUnitXMLReporter -->
<testsuite ignored="0" hostname="sanket" failures="0" tests="4" name="OperaTest" time="0.132" errors="0" timestamp="2023-02-22T22:51:02 IST">
  <testcase classname="testNG.TestClassABC" name="@BeforeTest openBrowser" time="0.116">
    <failure type="org.openqa.selenium.SessionNotCreatedException" message="Unable to find a matching set of capabilities
Build info: version: &amp;apos;3.141.59&amp;apos;, revision: &amp;apos;e82be7d358&amp;apos;, time: &amp;apos;2018-11-14T08:17:03&amp;apos;
System info: host: &amp;apos;SANKET&amp;apos;, ip: &amp;apos;192.168.1.35&amp;apos;, os.name: &amp;apos;Windows 10&amp;apos;, os.arch: &amp;apos;amd64&amp;apos;, os.version: &amp;apos;10.0&amp;apos;, java.version: &amp;apos;17.0.4.1&amp;apos;
Driver info: driver.version: OperaDriver
remote stacktrace: ">
      <![CDATA[org.openqa.selenium.SessionNotCreatedException: Unable to find a matching set of capabilities
Build info: version: '3.141.59', revision: 'e82be7d358', time: '2018-11-14T08:17:03'
System info: host: 'SANKET', ip: '192.168.1.35', os.name: 'Windows 10', os.arch: 'amd64', os.version: '10.0', java.version: '17.0.4.1'
Driver info: driver.version: OperaDriver
remote stacktrace: 
at org.openqa.selenium.remote.W3CHandshakeResponse.lambda$errorHandler$0(W3CHandshakeResponse.java:62)
at org.openqa.selenium.remote.HandshakeResponse.lambda$getResponseFunction$0(HandshakeResponse.java:30)
at org.openqa.selenium.remote.ProtocolHandshake.lambda$createSession$0(ProtocolHandshake.java:126)
at java.base/java.util.stream.ReferencePipeline$3$1.accept(ReferencePipeline.java:197)
at java.base/java.util.Spliterators$ArraySpliterator.tryAdvance(Spliterators.java:1002)
at java.base/java.util.stream.ReferencePipeline.forEachWithCancel(ReferencePipeline.java:129)
at java.base/java.util.stream.AbstractPipeline.copyIntoWithCancel(AbstractPipeline.java:527)
at java.base/java.util.stream.AbstractPipeline.copyInto(AbstractPipeline.java:513)
at java.base/java.util.stream.AbstractPipeline.wrapAndCopyInto(AbstractPipeline.java:499)
at java.base/java.util.stream.FindOps$FindOp.evaluateSequential(FindOps.java:150)
at java.base/java.util.stream.AbstractPipeline.evaluate(AbstractPipeline.java:234)
at java.base/java.util.stream.ReferencePipeline.findFirst(ReferencePipeline.java:647)
at org.openqa.selenium.remote.ProtocolHandshake.createSession(ProtocolHandshake.java:128)
at org.openqa.selenium.remote.ProtocolHandshake.createSession(ProtocolHandshake.java:74)
at org.openqa.selenium.remote.HttpCommandExecutor.execute(HttpCommandExecutor.java:136)
at org.openqa.selenium.remote.service.DriverCommandExecutor.execute(DriverCommandExecutor.java:83)
at org.openqa.selenium.remote.RemoteWebDriver.execute(RemoteWebDriver.java:552)
at org.openqa.selenium.remote.RemoteWebDriver.startSession(RemoteWebDriver.java:213)
at org.openqa.selenium.remote.RemoteWebDriver.<init>(RemoteWebDriver.java:131)
at org.openqa.selenium.opera.OperaDriver.<init>(OperaDriver.java:173)
at org.openqa.selenium.opera.OperaDriver.<init>(OperaDriver.java:160)
at org.openqa.selenium.opera.OperaDriver.<init>(OperaDriver.java:115)
at testNG.TestClassABC.openBrowser(TestClassABC.java:51)
... Removed 29 stack frames]]>
    </failure>
  </testcase> <!-- @BeforeTest openBrowser -->
  <testcase classname="testNG.TestClassXYZ" name="@BeforeTest openBrowser" time="-1.677086462957E9">
    <skipped/>
  </testcase> <!-- @BeforeTest openBrowser -->
  <testcase classname="testNG.TestClassXYZ" name="@BeforeClass creatPomObjects" time="-1.677086462958E9">
    <skipped/>
  </testcase> <!-- @BeforeClass creatPomObjects -->
  <testcase classname="testNG.TestClassXYZ" name="@BeforeMethod beforeMehtod" time="-1.677086462959E9">
    <skipped/>
  </testcase> <!-- @BeforeMethod beforeMehtod -->
  <testcase classname="testNG.TestClassXYZ" name="@AfterMethod afterMethod" time="-1.677086462961E9">
    <skipped/>
  </testcase> <!-- @AfterMethod afterMethod -->
  <testcase classname="testNG.TestClassXYZ" name="@BeforeMethod beforeMehtod" time="-1.677086462961E9">
    <skipped/>
  </testcase> <!-- @BeforeMethod beforeMehtod -->
  <testcase classname="testNG.TestClassXYZ" name="@AfterMethod afterMethod" time="-1.677086462963E9">
    <skipped/>
  </testcase> <!-- @AfterMethod afterMethod -->
  <testcase classname="testNG.TestClassXYZ" name="@AfterClass afterClass" time="-1.677086462963E9">
    <skipped/>
  </testcase> <!-- @AfterClass afterClass -->
  <testcase classname="testNG.TestClassABC" name="@BeforeClass creatPomObjects" time="-1.677086462964E9">
    <skipped/>
  </testcase> <!-- @BeforeClass creatPomObjects -->
  <testcase classname="testNG.TestClassABC" name="@BeforeMethod beforeMehtod" time="-1.677086462964E9">
    <skipped/>
  </testcase> <!-- @BeforeMethod beforeMehtod -->
  <testcase classname="testNG.TestClassABC" name="@AfterMethod afterMethod" time="-1.677086462966E9">
    <skipped/>
  </testcase> <!-- @AfterMethod afterMethod -->
  <testcase classname="testNG.TestClassABC" name="@BeforeMethod beforeMehtod" time="-1.677086462966E9">
    <skipped/>
  </testcase> <!-- @BeforeMethod beforeMehtod -->
  <testcase classname="testNG.TestClassABC" name="@AfterMethod afterMethod" time="-1.677086462968E9">
    <skipped/>
  </testcase> <!-- @AfterMethod afterMethod -->
  <testcase classname="testNG.TestClassABC" name="@AfterClass afterClass" time="-1.677086462969E9">
    <skipped/>
  </testcase> <!-- @AfterClass afterClass -->
  <testcase classname="testNG.TestClassABC" name="@AfterTest afterTest" time="-1.677086462969E9">
    <skipped/>
  </testcase> <!-- @AfterTest afterTest -->
  <testcase classname="testNG.TestClassXYZ" name="@AfterTest afterTest" time="-1.67708646297E9">
    <skipped/>
  </testcase> <!-- @AfterTest afterTest -->
  <testcase classname="testNG.TestClassXYZ" name="verifyDownloadFilebutton" time="0.0">
    <skipped/>
  </testcase> <!-- verifyDownloadFilebutton -->
  <testcase classname="testNG.TestClassXYZ" name="verifytoGrowWelthButton" time="0.0">
    <skipped/>
  </testcase> <!-- verifytoGrowWelthButton -->
  <testcase classname="testNG.TestClassABC" name="verifyDownloadFilebutton" time="0.0">
    <skipped/>
  </testcase> <!-- verifyDownloadFilebutton -->
  <testcase classname="testNG.TestClassABC" name="verifytoGrowWelthButton" time="0.0">
    <skipped/>
  </testcase> <!-- verifytoGrowWelthButton -->
</testsuite> <!-- OperaTest -->
